Build started 6/12/2015 5:41:36 PM.
     1>Project "C:\workspace\Github_MasterRepository\miscellaneous\vc++\windows_app\MFCApplication2\MFCApplication2\MFCApplication2.vcxproj" on node 2 (Build target(s)).
     1>ClCompile:
         C:\Program Files (x86)\Microsoft Visual Studio 12.0\VC\bin\CL.exe /c /ZI /nologo /W3 /WX- /sdl /Od /Oy- /D WIN32 /D _WINDOWS /D _DEBUG /D _UNICODE /D UNICODE /Gm /EHsc /RTC1 /MTd /GS /fp:precise /Zc:wchar_t /Zc:forScope /Yc"stdafx.h" /Fp"Debug\MFCApplication2.pch" /Fo"Debug\\" /Fd"Debug\vc120.pdb" /Gd /TP /analyze- /errorReport:prompt stdafx.cpp
         stdafx.cpp
         C:\Program Files (x86)\Microsoft Visual Studio 12.0\VC\bin\CL.exe /c /ZI /nologo /W3 /WX- /sdl /Od /Oy- /D WIN32 /D _WINDOWS /D _DEBUG /D _UNICODE /D UNICODE /Gm /EHsc /RTC1 /MTd /GS /fp:precise /Zc:wchar_t /Zc:forScope /Yu"stdafx.h" /Fp"Debug\MFCApplication2.pch" /Fo"Debug\\" /Fd"Debug\vc120.pdb" /Gd /TP /analyze- /errorReport:prompt MFCApplication2.cpp MFCApplication2Dlg.cpp
         MFCApplication2Dlg.cpp
         MFCApplication2.cpp
         Generating Code...
       ResourceCompile:
         C:\Program Files (x86)\Windows Kits\8.1\bin\x86\rc.exe /D _DEBUG /D _UNICODE /D UNICODE /l"0x0409" /IDebug\ /nologo /fo"Debug\MFCApplication2.res" MFCApplication2.rc 
       Link:
         C:\Program Files (x86)\Microsoft Visual Studio 12.0\VC\bin\link.exe /ERRORREPORT:PROMPT /OUT:"C:\workspace\Github_MasterRepository\miscellaneous\vc++\windows_app\MFCApplication2\Debug\MFCApplication2.exe" /INCREMENTAL /NOLOGO /MANIFEST /MANIFESTUAC:"level='asInvoker' uiAccess='false'" /manifest:embed /manifestinput:"C:\Program Files (x86)\Microsoft Visual Studio 12.0\VC\Include\Manifest\dpiaware.manifest" /DEBUG /PDB:"C:\workspace\Github_MasterRepository\miscellaneous\vc++\windows_app\MFCApplication2\Debug\MFCApplication2.pdb" /SUBSYSTEM:WINDOWS /TLBID:1 /ENTRY:"wWinMainCRTStartup" /DYNAMICBASE /NXCOMPAT /IMPLIB:"C:\workspace\Github_MasterRepository\miscellaneous\vc++\windows_app\MFCApplication2\Debug\MFCApplication2.lib" /MACHINE:X86 Debug\MFCApplication2.res
         Debug\MFCApplication2.obj
         Debug\MFCApplication2Dlg.obj
         Debug\stdafx.obj
         MFCApplication2.vcxproj -> C:\workspace\Github_MasterRepository\miscellaneous\vc++\windows_app\MFCApplication2\Debug\MFCApplication2.exe
     1>Done Building Project "C:\workspace\Github_MasterRepository\miscellaneous\vc++\windows_app\MFCApplication2\MFCApplication2\MFCApplication2.vcxproj" (Build target(s)).

Build succeeded.

Time Elapsed 00:00:10.49
